<?xml version="1.0" encoding="UTF-8"?>
<testsuite xmlns:xsi="http://www.w3.org/2001/XMLSchema-instance" xsi:noNamespaceSchemaLocation="https://maven.apache.org/surefire/maven-surefire-plugin/xsd/surefire-test-report-3.0.xsd" version="3.0" name="ContractTests.SWApiStarshipsSchemaTests" time="11.576" tests="18" errors="0" skipped="0" failures="0">
  <properties>
    <property name="sun.desktop" value="windows"/>
    <property name="awt.toolkit" value="sun.awt.windows.WToolkit"/>
    <property name="java.specification.version" value="11"/>
    <property name="sun.cpu.isalist" value="amd64"/>
    <property name="sun.jnu.encoding" value="Cp1250"/>
    <property name="java.class.path" value="C:\Users\Dom\IdeaProjects\TestAutomation\target\test-classes;C:\Users\Dom\IdeaProjects\TestAutomation\target\classes;C:\Users\Dom\.m2\repository\org\apache\commons\commons-math3\3.6.1\commons-math3-3.6.1.jar;C:\Users\Dom\.m2\repository\org\apache\commons\commons-configuration2\2.7\commons-configuration2-2.7.jar;C:\Users\Dom\.m2\repository\org\apache\commons\commons-lang3\3.9\commons-lang3-3.9.jar;C:\Users\Dom\.m2\repository\org\apache\commons\commons-text\1.8\commons-text-1.8.jar;C:\Users\Dom\.m2\repository\commons-logging\commons-logging\1.2\commons-logging-1.2.jar;C:\Users\Dom\.m2\repository\io\rest-assured\rest-assured\4.0.0\rest-assured-4.0.0.jar;C:\Users\Dom\.m2\repository\org\codehaus\groovy\groovy\2.5.6\groovy-2.5.6.jar;C:\Users\Dom\.m2\repository\org\codehaus\groovy\groovy-xml\2.5.6\groovy-xml-2.5.6.jar;C:\Users\Dom\.m2\repository\org\apache\httpcomponents\httpclient\4.5.3\httpclient-4.5.3.jar;C:\Users\Dom\.m2\repository\org\apache\httpcomponents\httpcore\4.4.6\httpcore-4.4.6.jar;C:\Users\Dom\.m2\repository\commons-codec\commons-codec\1.9\commons-codec-1.9.jar;C:\Users\Dom\.m2\repository\org\apache\httpcomponents\httpmime\4.5.3\httpmime-4.5.3.jar;C:\Users\Dom\.m2\repository\org\hamcrest\hamcrest-core\2.1\hamcrest-core-2.1.jar;C:\Users\Dom\.m2\repository\org\hamcrest\hamcrest\2.1\hamcrest-2.1.jar;C:\Users\Dom\.m2\repository\org\hamcrest\hamcrest-library\2.1\hamcrest-library-2.1.jar;C:\Users\Dom\.m2\repository\org\ccil\cowan\tagsoup\tagsoup\1.2.1\tagsoup-1.2.1.jar;C:\Users\Dom\.m2\repository\io\rest-assured\json-path\4.0.0\json-path-4.0.0.jar;C:\Users\Dom\.m2\repository\org\codehaus\groovy\groovy-json\2.5.6\groovy-json-2.5.6.jar;C:\Users\Dom\.m2\repository\io\rest-assured\rest-assured-common\4.0.0\rest-assured-common-4.0.0.jar;C:\Users\Dom\.m2\repository\io\rest-assured\xml-path\4.0.0\xml-path-4.0.0.jar;C:\Users\Dom\.m2\repository\javax\xml\bind\jaxb-api\2.2.12\jaxb-api-2.2.12.jar;C:\Users\Dom\.m2\repository\com\sun\xml\bind\jaxb-osgi\2.2.10\jaxb-osgi-2.2.10.jar;C:\Users\Dom\.m2\repository\org\apache\sling\org.apache.sling.javax.activation\0.1.0\org.apache.sling.javax.activation-0.1.0.jar;C:\Users\Dom\.m2\repository\javax\activation\activation\1.1.1\activation-1.1.1.jar;C:\Users\Dom\.m2\repository\org\junit\jupiter\junit-jupiter\5.5.0\junit-jupiter-5.5.0.jar;C:\Users\Dom\.m2\repository\org\junit\jupiter\junit-jupiter-api\5.5.0\junit-jupiter-api-5.5.0.jar;C:\Users\Dom\.m2\repository\org\apiguardian\apiguardian-api\1.1.0\apiguardian-api-1.1.0.jar;C:\Users\Dom\.m2\repository\org\opentest4j\opentest4j\1.2.0\opentest4j-1.2.0.jar;C:\Users\Dom\.m2\repository\org\junit\platform\junit-platform-commons\1.5.0\junit-platform-commons-1.5.0.jar;C:\Users\Dom\.m2\repository\org\junit\jupiter\junit-jupiter-params\5.5.0\junit-jupiter-params-5.5.0.jar;C:\Users\Dom\.m2\repository\org\junit\jupiter\junit-jupiter-engine\5.5.0\junit-jupiter-engine-5.5.0.jar;C:\Users\Dom\.m2\repository\org\junit\platform\junit-platform-engine\1.5.0\junit-platform-engine-1.5.0.jar;C:\Users\Dom\.m2\repository\com\fasterxml\jackson\dataformat\jackson-dataformat-cbor\2.9.8\jackson-dataformat-cbor-2.9.8.jar;C:\Users\Dom\.m2\repository\com\fasterxml\jackson\core\jackson-core\2.9.8\jackson-core-2.9.8.jar;C:\Users\Dom\.m2\repository\com\fasterxml\jackson\core\jackson-annotations\2.11.3\jackson-annotations-2.11.3.jar;C:\Users\Dom\.m2\repository\org\json\json\20180813\json-20180813.jar;C:\Users\Dom\.m2\repository\com\jayway\jsonpath\json-path\2.4.0\json-path-2.4.0.jar;C:\Users\Dom\.m2\repository\net\minidev\json-smart\2.3\json-smart-2.3.jar;C:\Users\Dom\.m2\repository\net\minidev\accessors-smart\1.2\accessors-smart-1.2.jar;C:\Users\Dom\.m2\repository\org\ow2\asm\asm\5.0.4\asm-5.0.4.jar;C:\Users\Dom\.m2\repository\org\slf4j\slf4j-api\1.7.25\slf4j-api-1.7.25.jar;C:\Users\Dom\.m2\repository\org\slf4j\slf4j-simple\1.7.30\slf4j-simple-1.7.30.jar;C:\Users\Dom\.m2\repository\commons-beanutils\commons-beanutils\1.9.3\commons-beanutils-1.9.3.jar;C:\Users\Dom\.m2\repository\commons-collections\commons-collections\3.2.2\commons-collections-3.2.2.jar;C:\Users\Dom\.m2\repository\javax\ws\rs\javax.ws.rs-api\2.0\javax.ws.rs-api-2.0.jar;C:\Users\Dom\.m2\repository\com\fasterxml\jackson\module\jackson-module-jsonSchema\2.5.2\jackson-module-jsonSchema-2.5.2.jar;C:\Users\Dom\.m2\repository\com\fasterxml\jackson\core\jackson-databind\2.5.2\jackson-databind-2.5.2.jar;C:\Users\Dom\.m2\repository\javax\validation\validation-api\1.1.0.Final\validation-api-1.1.0.Final.jar;C:\Users\Dom\.m2\repository\org\assertj\assertj-core\3.18.1\assertj-core-3.18.1.jar;C:\Users\Dom\.m2\repository\com\networknt\json-schema-validator\1.0.42\json-schema-validator-1.0.42.jar;C:\Users\Dom\.m2\repository\org\jruby\joni\joni\2.1.31\joni-2.1.31.jar;C:\Users\Dom\.m2\repository\org\jruby\jcodings\jcodings\1.0.46\jcodings-1.0.46.jar;C:\Users\Dom\.m2\repository\com\fasterxml\jackson\jaxrs\jackson-jaxrs-json-provider\2.5.2\jackson-jaxrs-json-provider-2.5.2.jar;C:\Users\Dom\.m2\repository\com\fasterxml\jackson\jaxrs\jackson-jaxrs-base\2.5.2\jackson-jaxrs-base-2.5.2.jar;C:\Users\Dom\.m2\repository\com\fasterxml\jackson\module\jackson-module-jaxb-annotations\2.5.2\jackson-module-jaxb-annotations-2.5.2.jar;"/>
    <property name="java.vm.vendor" value="Amazon.com Inc."/>
    <property name="sun.arch.data.model" value="64"/>
    <property name="user.variant" value=""/>
    <property name="java.vendor.url" value="https://aws.amazon.com/corretto/"/>
    <property name="user.timezone" value="Europe/Belgrade"/>
    <property name="java.vm.specification.version" value="11"/>
    <property name="os.name" value="Windows 10"/>
    <property name="sun.java.launcher" value="SUN_STANDARD"/>
    <property name="user.country" value="PL"/>
    <property name="sun.boot.library.path" value="C:\Users\Dom\.jdks\corretto-11.0.9.1\bin"/>
    <property name="sun.java.command" value="C:\Users\Dom\AppData\Local\Temp\surefire6669772908071507785\surefirebooter7135099179897550451.jar C:\Users\Dom\AppData\Local\Temp\surefire6669772908071507785 2020-11-15T22-59-07_935-jvmRun1 surefire11189270512848013056tmp surefire_012991722711408560196tmp"/>
    <property name="jdk.debug" value="release"/>
    <property name="surefire.test.class.path" value="C:\Users\Dom\IdeaProjects\TestAutomation\target\test-classes;C:\Users\Dom\IdeaProjects\TestAutomation\target\classes;C:\Users\Dom\.m2\repository\org\apache\commons\commons-math3\3.6.1\commons-math3-3.6.1.jar;C:\Users\Dom\.m2\repository\org\apache\commons\commons-configuration2\2.7\commons-configuration2-2.7.jar;C:\Users\Dom\.m2\repository\org\apache\commons\commons-lang3\3.9\commons-lang3-3.9.jar;C:\Users\Dom\.m2\repository\org\apache\commons\commons-text\1.8\commons-text-1.8.jar;C:\Users\Dom\.m2\repository\commons-logging\commons-logging\1.2\commons-logging-1.2.jar;C:\Users\Dom\.m2\repository\io\rest-assured\rest-assured\4.0.0\rest-assured-4.0.0.jar;C:\Users\Dom\.m2\repository\org\codehaus\groovy\groovy\2.5.6\groovy-2.5.6.jar;C:\Users\Dom\.m2\repository\org\codehaus\groovy\groovy-xml\2.5.6\groovy-xml-2.5.6.jar;C:\Users\Dom\.m2\repository\org\apache\httpcomponents\httpclient\4.5.3\httpclient-4.5.3.jar;C:\Users\Dom\.m2\repository\org\apache\httpcomponents\httpcore\4.4.6\httpcore-4.4.6.jar;C:\Users\Dom\.m2\repository\commons-codec\commons-codec\1.9\commons-codec-1.9.jar;C:\Users\Dom\.m2\repository\org\apache\httpcomponents\httpmime\4.5.3\httpmime-4.5.3.jar;C:\Users\Dom\.m2\repository\org\hamcrest\hamcrest-core\2.1\hamcrest-core-2.1.jar;C:\Users\Dom\.m2\repository\org\hamcrest\hamcrest\2.1\hamcrest-2.1.jar;C:\Users\Dom\.m2\repository\org\hamcrest\hamcrest-library\2.1\hamcrest-library-2.1.jar;C:\Users\Dom\.m2\repository\org\ccil\cowan\tagsoup\tagsoup\1.2.1\tagsoup-1.2.1.jar;C:\Users\Dom\.m2\repository\io\rest-assured\json-path\4.0.0\json-path-4.0.0.jar;C:\Users\Dom\.m2\repository\org\codehaus\groovy\groovy-json\2.5.6\groovy-json-2.5.6.jar;C:\Users\Dom\.m2\repository\io\rest-assured\rest-assured-common\4.0.0\rest-assured-common-4.0.0.jar;C:\Users\Dom\.m2\repository\io\rest-assured\xml-path\4.0.0\xml-path-4.0.0.jar;C:\Users\Dom\.m2\repository\javax\xml\bind\jaxb-api\2.2.12\jaxb-api-2.2.12.jar;C:\Users\Dom\.m2\repository\com\sun\xml\bind\jaxb-osgi\2.2.10\jaxb-osgi-2.2.10.jar;C:\Users\Dom\.m2\repository\org\apache\sling\org.apache.sling.javax.activation\0.1.0\org.apache.sling.javax.activation-0.1.0.jar;C:\Users\Dom\.m2\repository\javax\activation\activation\1.1.1\activation-1.1.1.jar;C:\Users\Dom\.m2\repository\org\junit\jupiter\junit-jupiter\5.5.0\junit-jupiter-5.5.0.jar;C:\Users\Dom\.m2\repository\org\junit\jupiter\junit-jupiter-api\5.5.0\junit-jupiter-api-5.5.0.jar;C:\Users\Dom\.m2\repository\org\apiguardian\apiguardian-api\1.1.0\apiguardian-api-1.1.0.jar;C:\Users\Dom\.m2\repository\org\opentest4j\opentest4j\1.2.0\opentest4j-1.2.0.jar;C:\Users\Dom\.m2\repository\org\junit\platform\junit-platform-commons\1.5.0\junit-platform-commons-1.5.0.jar;C:\Users\Dom\.m2\repository\org\junit\jupiter\junit-jupiter-params\5.5.0\junit-jupiter-params-5.5.0.jar;C:\Users\Dom\.m2\repository\org\junit\jupiter\junit-jupiter-engine\5.5.0\junit-jupiter-engine-5.5.0.jar;C:\Users\Dom\.m2\repository\org\junit\platform\junit-platform-engine\1.5.0\junit-platform-engine-1.5.0.jar;C:\Users\Dom\.m2\repository\com\fasterxml\jackson\dataformat\jackson-dataformat-cbor\2.9.8\jackson-dataformat-cbor-2.9.8.jar;C:\Users\Dom\.m2\repository\com\fasterxml\jackson\core\jackson-core\2.9.8\jackson-core-2.9.8.jar;C:\Users\Dom\.m2\repository\com\fasterxml\jackson\core\jackson-annotations\2.11.3\jackson-annotations-2.11.3.jar;C:\Users\Dom\.m2\repository\org\json\json\20180813\json-20180813.jar;C:\Users\Dom\.m2\repository\com\jayway\jsonpath\json-path\2.4.0\json-path-2.4.0.jar;C:\Users\Dom\.m2\repository\net\minidev\json-smart\2.3\json-smart-2.3.jar;C:\Users\Dom\.m2\repository\net\minidev\accessors-smart\1.2\accessors-smart-1.2.jar;C:\Users\Dom\.m2\repository\org\ow2\asm\asm\5.0.4\asm-5.0.4.jar;C:\Users\Dom\.m2\repository\org\slf4j\slf4j-api\1.7.25\slf4j-api-1.7.25.jar;C:\Users\Dom\.m2\repository\org\slf4j\slf4j-simple\1.7.30\slf4j-simple-1.7.30.jar;C:\Users\Dom\.m2\repository\commons-beanutils\commons-beanutils\1.9.3\commons-beanutils-1.9.3.jar;C:\Users\Dom\.m2\repository\commons-collections\commons-collections\3.2.2\commons-collections-3.2.2.jar;C:\Users\Dom\.m2\repository\javax\ws\rs\javax.ws.rs-api\2.0\javax.ws.rs-api-2.0.jar;C:\Users\Dom\.m2\repository\com\fasterxml\jackson\module\jackson-module-jsonSchema\2.5.2\jackson-module-jsonSchema-2.5.2.jar;C:\Users\Dom\.m2\repository\com\fasterxml\jackson\core\jackson-databind\2.5.2\jackson-databind-2.5.2.jar;C:\Users\Dom\.m2\repository\javax\validation\validation-api\1.1.0.Final\validation-api-1.1.0.Final.jar;C:\Users\Dom\.m2\repository\org\assertj\assertj-core\3.18.1\assertj-core-3.18.1.jar;C:\Users\Dom\.m2\repository\com\networknt\json-schema-validator\1.0.42\json-schema-validator-1.0.42.jar;C:\Users\Dom\.m2\repository\org\jruby\joni\joni\2.1.31\joni-2.1.31.jar;C:\Users\Dom\.m2\repository\org\jruby\jcodings\jcodings\1.0.46\jcodings-1.0.46.jar;C:\Users\Dom\.m2\repository\com\fasterxml\jackson\jaxrs\jackson-jaxrs-json-provider\2.5.2\jackson-jaxrs-json-provider-2.5.2.jar;C:\Users\Dom\.m2\repository\com\fasterxml\jackson\jaxrs\jackson-jaxrs-base\2.5.2\jackson-jaxrs-base-2.5.2.jar;C:\Users\Dom\.m2\repository\com\fasterxml\jackson\module\jackson-module-jaxb-annotations\2.5.2\jackson-module-jaxb-annotations-2.5.2.jar;"/>
    <property name="sun.cpu.endian" value="little"/>
    <property name="user.home" value="C:\Users\Dom"/>
    <property name="user.language" value="pl"/>
    <property name="java.specification.vendor" value="Oracle Corporation"/>
    <property name="java.version.date" value="2020-11-04"/>
    <property name="java.home" value="C:\Users\Dom\.jdks\corretto-11.0.9.1"/>
    <property name="file.separator" value="\"/>
    <property name="basedir" value="C:\Users\Dom\IdeaProjects\TestAutomation"/>
    <property name="java.vm.compressedOopsMode" value="Zero based"/>
    <property name="line.separator" value="&#10;"/>
    <property name="java.specification.name" value="Java Platform API Specification"/>
    <property name="java.vm.specification.vendor" value="Oracle Corporation"/>
    <property name="java.awt.graphicsenv" value="sun.awt.Win32GraphicsEnvironment"/>
    <property name="surefire.real.class.path" value="C:\Users\Dom\AppData\Local\Temp\surefire6669772908071507785\surefirebooter7135099179897550451.jar"/>
    <property name="user.script" value=""/>
    <property name="sun.management.compiler" value="HotSpot 64-Bit Tiered Compilers"/>
    <property name="java.runtime.version" value="11.0.9.1+12-LTS"/>
    <property name="user.name" value="Dom"/>
    <property name="path.separator" value=";"/>
    <property name="os.version" value="10.0"/>
    <property name="java.runtime.name" value="OpenJDK Runtime Environment"/>
    <property name="file.encoding" value="Cp1250"/>
    <property name="java.vm.name" value="OpenJDK 64-Bit Server VM"/>
    <property name="java.vendor.version" value="Corretto-11.0.9.12.1"/>
    <property name="localRepository" value="C:\Users\Dom\.m2\repository"/>
    <property name="configName" value="dev"/>
    <property name="java.vendor.url.bug" value="https://github.com/corretto/corretto-11/issues/"/>
    <property name="java.io.tmpdir" value="C:\Users\Dom\AppData\Local\Temp\"/>
    <property name="idea.version" value="2020.2.3"/>
    <property name="java.version" value="11.0.9.1"/>
    <property name="user.dir" value="C:\Users\Dom\IdeaProjects\TestAutomation"/>
    <property name="os.arch" value="amd64"/>
    <property name="groups" value="CONTRACT"/>
    <property name="java.vm.specification.name" value="Java Virtual Machine Specification"/>
    <property name="java.awt.printerjob" value="sun.awt.windows.WPrinterJob"/>
    <property name="sun.os.patch.level" value=""/>
    <property name="java.library.path" value="C:\Users\Dom\.jdks\corretto-11.0.9.1\bin;C:\Windows\Sun\Java\bin;C:\Windows\system32;C:\Windows;C:\Program Files (x86)\Common Files\Oracle\Java\javapath;C:\Windows\system32;C:\Windows;C:\Windows\System32\Wbem;C:\Windows\System32\WindowsPowerShell\v1.0\;C:\Windows\System32\OpenSSH\;C:\Program Files\Java\jre1.8.0_271\bin\;C:\Users\Dom\.jdks\openjdk-15.0.1-1\bin\;C:\Users\Dom\AppData\Local\Microsoft\WindowsApps;;."/>
    <property name="java.vm.info" value="mixed mode"/>
    <property name="java.vendor" value="Amazon.com Inc."/>
    <property name="java.vm.version" value="11.0.9.1+12-LTS"/>
    <property name="sun.io.unicode.encoding" value="UnicodeLittle"/>
    <property name="java.class.version" value="55.0"/>
  </properties>
  <testcase name="testSchema{String}[1]" classname="ContractTests.SWApiStarshipsSchemaTests" time="0.142"/>
  <testcase name="testSchema{String}[2]" classname="ContractTests.SWApiStarshipsSchemaTests" time="0.055"/>
  <testcase name="testSchema{String}[3]" classname="ContractTests.SWApiStarshipsSchemaTests" time="0.038"/>
  <testcase name="testSchema{String}[4]" classname="ContractTests.SWApiStarshipsSchemaTests" time="0.038"/>
  <testcase name="testSchema{String}[5]" classname="ContractTests.SWApiStarshipsSchemaTests" time="0.048"/>
  <testcase name="testSchema{String}[6]" classname="ContractTests.SWApiStarshipsSchemaTests" time="0.041"/>
  <testcase name="testSchema{String}[7]" classname="ContractTests.SWApiStarshipsSchemaTests" time="0.054"/>
  <testcase name="testSchema{String}[8]" classname="ContractTests.SWApiStarshipsSchemaTests" time="0.041"/>
  <testcase name="testSchema{String}[9]" classname="ContractTests.SWApiStarshipsSchemaTests" time="0.053"/>
  <testcase name="testSchema{String}[10]" classname="ContractTests.SWApiStarshipsSchemaTests" time="0.053"/>
  <testcase name="testSchema{String}[11]" classname="ContractTests.SWApiStarshipsSchemaTests" time="0.056"/>
  <testcase name="testSchema{String}[12]" classname="ContractTests.SWApiStarshipsSchemaTests" time="0.056"/>
  <testcase name="testSchema{String}[13]" classname="ContractTests.SWApiStarshipsSchemaTests" time="0.039"/>
  <testcase name="testSchema{String}[14]" classname="ContractTests.SWApiStarshipsSchemaTests" time="0.044"/>
  <testcase name="testSchema{String}[15]" classname="ContractTests.SWApiStarshipsSchemaTests" time="0.039"/>
  <testcase name="testSchema{String}[16]" classname="ContractTests.SWApiStarshipsSchemaTests" time="0.039"/>
  <testcase name="testSchema{String}[17]" classname="ContractTests.SWApiStarshipsSchemaTests" time="0.057"/>
  <testcase name="testSchema{String}[18]" classname="ContractTests.SWApiStarshipsSchemaTests" time="0.039"/>
</testsuite>